                      :-) GROMACS - gmx mdrun, 2021.5 (-:

                            GROMACS is written by:
     Andrey Alekseenko              Emile Apol              Rossen Apostolov     
         Paul Bauer           Herman J.C. Berendsen           Par Bjelkmar       
       Christian Blau           Viacheslav Bolnykh             Kevin Boyd        
     Aldert van Buuren           Rudi van Drunen             Anton Feenstra      
    Gilles Gouaillardet             Alan Gray               Gerrit Groenhof      
       Anca Hamuraru            Vincent Hindriksen          M. Eric Irrgang      
      Aleksei Iupinov           Christoph Junghans             Joe Jordan        
    Dimitrios Karkoulis            Peter Kasson                Jiri Kraus        
      Carsten Kutzner              Per Larsson              Justin A. Lemkul     
       Viveca Lindahl            Magnus Lundborg             Erik Marklund       
        Pascal Merz             Pieter Meulenhoff            Teemu Murtola       
        Szilard Pall               Sander Pronk              Roland Schulz       
       Michael Shirts            Alexey Shvetsov             Alfons Sijbers      
       Peter Tieleman              Jon Vincent              Teemu Virolainen     
     Christian Wennberg            Maarten Wolf              Artem Zhmurov       
                           and the project leaders:
        Mark Abraham, Berk Hess, Erik Lindahl, and David van der Spoel

Copyright (c) 1991-2000, University of Groningen, The Netherlands.
Copyright (c) 2001-2019, The GROMACS development team at
Uppsala University, Stockholm University and
the Royal Institute of Technology, Sweden.
check out http://www.gromacs.org for more information.

GROMACS is free software; you can redistribute it and/or modify it
under the terms of the GNU Lesser General Public License
as published by the Free Software Foundation; either version 2.1
of the License, or (at your option) any later version.

GROMACS:      gmx mdrun, version 2021.5
Executable:   /home/user01/software/gmx_mpi-2021.5/bin//gmx_mpi
Data prefix:  /home/user01/software/gmx_mpi-2021.5
Working dir:  /home/user01/GIT-repository/00-MD-AUTOMATION/example/ex2_3ET3
Process ID:   39041
Command line:
  gmx_mpi mdrun -deffnm npt5 -ntomp 8

GROMACS version:    2021.5
Precision:          mixed
Memory model:       64 bit
MPI library:        MPI
OpenMP support:     enabled (GMX_OPENMP_MAX_THREADS = 64)
GPU support:        CUDA
SIMD instructions:  AVX_512
FFT library:        fftw-3.3.8-sse2-avx-avx2-avx2_128-avx512
RDTSCP usage:       enabled
TNG support:        enabled
Hwloc support:      disabled
Tracing support:    disabled
C compiler:         /usr/bin/cc GNU 8.4.0
C compiler flags:   -mavx512f -mfma -pthread -Wno-missing-field-initializers -fexcess-precision=fast -funroll-all-loops -O3 -DNDEBUG
C++ compiler:       /usr/bin/c++ GNU 8.4.0
C++ compiler flags: -mavx512f -mfma -pthread -Wno-missing-field-initializers -fexcess-precision=fast -funroll-all-loops -fopenmp -O3 -DNDEBUG
CUDA compiler:      /usr/local/cuda/bin/nvcc nvcc: NVIDIA (R) Cuda compiler driver;Copyright (c) 2005-2019 NVIDIA Corporation;Built on Sun_Jul_28_19:07:16_PDT_2019;Cuda compilation tools, release 10.1, V10.1.243
CUDA compiler flags:-std=c++14;-gencode;arch=compute_30,code=sm_30;-gencode;arch=compute_35,code=sm_35;-gencode;arch=compute_37,code=sm_37;-gencode;arch=compute_50,code=sm_50;-gencode;arch=compute_52,code=sm_52;-gencode;arch=compute_60,code=sm_60;-gencode;arch=compute_61,code=sm_61;-gencode;arch=compute_70,code=sm_70;-gencode;arch=compute_75,code=sm_75;-gencode;arch=compute_35,code=compute_35;-gencode;arch=compute_32,code=compute_32;-use_fast_math;-D_FORCE_INLINES;-mavx512f -mfma -pthread -Wno-missing-field-initializers -fexcess-precision=fast -funroll-all-loops -fopenmp -O3 -DNDEBUG
CUDA driver:        11.40
CUDA runtime:       10.10


Running on 1 node with total 4 cores, 8 logical cores, 2 compatible GPUs
Hardware detected on host union (the node of MPI rank 0):
  CPU info:
    Vendor: Intel
    Brand:  Intel(R) Xeon(R) W-2123 CPU @ 3.60GHz
    Family: 6   Model: 85   Stepping: 4
    Features: aes apic avx avx2 avx512f avx512cd avx512bw avx512vl avx512secondFMA clfsh cmov cx8 cx16 f16c fma hle htt intel lahf mmx msr nonstop_tsc pcid pclmuldq pdcm pdpe1gb popcnt pse rdrnd rdtscp rtm sse2 sse3 sse4.1 sse4.2 ssse3 tdt x2apic
    Number of AVX-512 FMA units: 2
  Hardware topology: Basic
    Sockets, cores, and logical processors:
      Socket  0: [   0   4] [   1   5] [   2   6] [   3   7]
  GPU info:
    Number of GPUs detected: 2
    #0: NVIDIA NVIDIA GeForce GTX 1080 Ti, compute cap.: 6.1, ECC:  no, stat: compatible
    #1: NVIDIA NVIDIA GeForce GTX 1080 Ti, compute cap.: 6.1, ECC:  no, stat: compatible


++++ PLEASE READ AND CITE THE FOLLOWING REFERENCE ++++
M. J. Abraham, T. Murtola, R. Schulz, S. Páll, J. C. Smith, B. Hess, E.
Lindahl
GROMACS: High performance molecular simulations through multi-level
parallelism from laptops to supercomputers
SoftwareX 1 (2015) pp. 19-25
-------- -------- --- Thank You --- -------- --------


++++ PLEASE READ AND CITE THE FOLLOWING REFERENCE ++++
S. Páll, M. J. Abraham, C. Kutzner, B. Hess, E. Lindahl
Tackling Exascale Software Challenges in Molecular Dynamics Simulations with
GROMACS
In S. Markidis & E. Laure (Eds.), Solving Software Challenges for Exascale 8759 (2015) pp. 3-27
-------- -------- --- Thank You --- -------- --------


++++ PLEASE READ AND CITE THE FOLLOWING REFERENCE ++++
S. Pronk, S. Páll, R. Schulz, P. Larsson, P. Bjelkmar, R. Apostolov, M. R.
Shirts, J. C. Smith, P. M. Kasson, D. van der Spoel, B. Hess, and E. Lindahl
GROMACS 4.5: a high-throughput and highly parallel open source molecular
simulation toolkit
Bioinformatics 29 (2013) pp. 845-54
-------- -------- --- Thank You --- -------- --------


++++ PLEASE READ AND CITE THE FOLLOWING REFERENCE ++++
B. Hess and C. Kutzner and D. van der Spoel and E. Lindahl
GROMACS 4: Algorithms for highly efficient, load-balanced, and scalable
molecular simulation
J. Chem. Theory Comput. 4 (2008) pp. 435-447
-------- -------- --- Thank You --- -------- --------


++++ PLEASE READ AND CITE THE FOLLOWING REFERENCE ++++
D. van der Spoel, E. Lindahl, B. Hess, G. Groenhof, A. E. Mark and H. J. C.
Berendsen
GROMACS: Fast, Flexible and Free
J. Comp. Chem. 26 (2005) pp. 1701-1719
-------- -------- --- Thank You --- -------- --------


++++ PLEASE READ AND CITE THE FOLLOWING REFERENCE ++++
E. Lindahl and B. Hess and D. van der Spoel
GROMACS 3.0: A package for molecular simulation and trajectory analysis
J. Mol. Mod. 7 (2001) pp. 306-317
-------- -------- --- Thank You --- -------- --------


++++ PLEASE READ AND CITE THE FOLLOWING REFERENCE ++++
H. J. C. Berendsen, D. van der Spoel and R. van Drunen
GROMACS: A message-passing parallel molecular dynamics implementation
Comp. Phys. Comm. 91 (1995) pp. 43-56
-------- -------- --- Thank You --- -------- --------


++++ PLEASE CITE THE DOI FOR THIS VERSION OF GROMACS ++++
https://doi.org/10.5281/zenodo.5850051
-------- -------- --- Thank You --- -------- --------

Input Parameters:
   integrator                     = md
   tinit                          = 0
   dt                             = 0.002
   nsteps                         = 50000
   init-step                      = 0
   simulation-part                = 1
   mts                            = false
   comm-mode                      = Linear
   nstcomm                        = 100
   bd-fric                        = 0
   ld-seed                        = -68209505
   emtol                          = 10
   emstep                         = 0.01
   niter                          = 20
   fcstep                         = 0
   nstcgsteep                     = 1000
   nbfgscorr                      = 10
   rtpi                           = 0.05
   nstxout                        = 0
   nstvout                        = 0
   nstfout                        = 0
   nstlog                         = 5000
   nstcalcenergy                  = 100
   nstenergy                      = 0
   nstxout-compressed             = 5000
   compressed-x-precision         = 1000
   cutoff-scheme                  = Verlet
   nstlist                        = 10
   pbc                            = xyz
   periodic-molecules             = false
   verlet-buffer-tolerance        = 0.005
   rlist                          = 1
   coulombtype                    = PME
   coulomb-modifier               = Potential-shift
   rcoulomb-switch                = 0
   rcoulomb                       = 1
   epsilon-r                      = 1
   epsilon-rf                     = inf
   vdw-type                       = Cut-off
   vdw-modifier                   = Potential-shift
   rvdw-switch                    = 0
   rvdw                           = 1
   DispCorr                       = EnerPres
   table-extension                = 1
   fourierspacing                 = 0.16
   fourier-nx                     = 52
   fourier-ny                     = 56
   fourier-nz                     = 52
   pme-order                      = 4
   ewald-rtol                     = 1e-05
   ewald-rtol-lj                  = 0.001
   lj-pme-comb-rule               = Geometric
   ewald-geometry                 = 0
   epsilon-surface                = 0
   tcoupl                         = V-rescale
   nsttcouple                     = 10
   nh-chain-length                = 0
   print-nose-hoover-chain-variables = false
   pcoupl                         = Berendsen
   pcoupltype                     = Isotropic
   nstpcouple                     = 10
   tau-p                          = 2
   compressibility (3x3):
      compressibility[    0]={ 4.50000e-05,  0.00000e+00,  0.00000e+00}
      compressibility[    1]={ 0.00000e+00,  4.50000e-05,  0.00000e+00}
      compressibility[    2]={ 0.00000e+00,  0.00000e+00,  4.50000e-05}
   ref-p (3x3):
      ref-p[    0]={ 1.00000e+00,  0.00000e+00,  0.00000e+00}
      ref-p[    1]={ 0.00000e+00,  1.00000e+00,  0.00000e+00}
      ref-p[    2]={ 0.00000e+00,  0.00000e+00,  1.00000e+00}
   refcoord-scaling               = COM
   posres-com (3):
      posres-com[0]= 4.85832e-01
      posres-com[1]= 5.13409e-01
      posres-com[2]= 4.90256e-01
   posres-comB (3):
      posres-comB[0]= 4.85832e-01
      posres-comB[1]= 5.13409e-01
      posres-comB[2]= 4.90256e-01
   QMMM                           = false
qm-opts:
   ngQM                           = 0
   constraint-algorithm           = Lincs
   continuation                   = true
   Shake-SOR                      = false
   shake-tol                      = 0.0001
   lincs-order                    = 4
   lincs-iter                     = 1
   lincs-warnangle                = 30
   nwall                          = 0
   wall-type                      = 9-3
   wall-r-linpot                  = -1
   wall-atomtype[0]               = -1
   wall-atomtype[1]               = -1
   wall-density[0]                = 0
   wall-density[1]                = 0
   wall-ewald-zfac                = 3
   pull                           = false
   awh                            = false
   rotation                       = false
   interactiveMD                  = false
   disre                          = No
   disre-weighting                = Conservative
   disre-mixed                    = false
   dr-fc                          = 1000
   dr-tau                         = 0
   nstdisreout                    = 100
   orire-fc                       = 0
   orire-tau                      = 0
   nstorireout                    = 100
   free-energy                    = no
   cos-acceleration               = 0
   deform (3x3):
      deform[    0]={ 0.00000e+00,  0.00000e+00,  0.00000e+00}
      deform[    1]={ 0.00000e+00,  0.00000e+00,  0.00000e+00}
      deform[    2]={ 0.00000e+00,  0.00000e+00,  0.00000e+00}
   simulated-tempering            = false
   swapcoords                     = no
   userint1                       = 0
   userint2                       = 0
   userint3                       = 0
   userint4                       = 0
   userreal1                      = 0
   userreal2                      = 0
   userreal3                      = 0
   userreal4                      = 0
   applied-forces:
     electric-field:
       x:
         E0                       = 0
         omega                    = 0
         t0                       = 0
         sigma                    = 0
       y:
         E0                       = 0
         omega                    = 0
         t0                       = 0
         sigma                    = 0
       z:
         E0                       = 0
         omega                    = 0
         t0                       = 0
         sigma                    = 0
     density-guided-simulation:
       active                     = false
       group                      = protein
       similarity-measure         = inner-product
       atom-spreading-weight      = unity
       force-constant             = 1e+09
       gaussian-transform-spreading-width = 0.2
       gaussian-transform-spreading-range-in-multiples-of-width = 4
       reference-density-filename = reference.mrc
       nst                        = 1
       normalize-densities        = true
       adaptive-force-scaling     = false
       adaptive-force-scaling-time-constant = 4
       shift-vector               = 
       transformation-matrix      = 
grpopts:
   nrdf:      113649
   ref-t:         300
   tau-t:         0.1
annealing:          No
annealing-npoints:           0
   acc:	           0           0           0
   nfreeze:           N           N           N
   energygrp-flags[  0]: 0

Changing nstlist from 10 to 100, rlist from 1 to 1.155

1 GPU selected for this run.
Mapping of GPU IDs to the 2 GPU tasks in the 1 rank on this node:
  PP:0,PME:0
PP tasks will do (non-perturbed) short-ranged interactions on the GPU
PP task will update and constrain coordinates on the CPU
PME tasks will do all aspects on the GPU
Using 1 MPI process
Using 8 OpenMP threads 

Pinning threads with an auto-selected logical core stride of 1
System total charge: -0.000
Will do PME sum in reciprocal space for electrostatic interactions.

++++ PLEASE READ AND CITE THE FOLLOWING REFERENCE ++++
U. Essmann, L. Perera, M. L. Berkowitz, T. Darden, H. Lee and L. G. Pedersen 
A smooth particle mesh Ewald method
J. Chem. Phys. 103 (1995) pp. 8577-8592
-------- -------- --- Thank You --- -------- --------

Using a Gaussian width (1/beta) of 0.320163 nm for Ewald
Potential shift: LJ r^-12: -1.000e+00 r^-6: -1.000e+00, Ewald -1.000e-05
Initialized non-bonded Ewald tables, spacing: 9.33e-04 size: 1073

Generated table with 1077 data points for 1-4 COUL.
Tabscale = 500 points/nm
Generated table with 1077 data points for 1-4 LJ6.
Tabscale = 500 points/nm
Generated table with 1077 data points for 1-4 LJ12.
Tabscale = 500 points/nm
Long Range LJ corr.: <C6> 3.1002e-04


Using GPU 8x8 nonbonded short-range kernels

Using a dual 8x8 pair-list setup updated with dynamic, rolling pruning:
  outer list: updated every 100 steps, buffer 0.155 nm, rlist 1.155 nm
  inner list: updated every  10 steps, buffer 0.001 nm, rlist 1.001 nm
At tolerance 0.005 kJ/mol/ps per atom, equivalent classical 1x1 list would be:
  outer list: updated every 100 steps, buffer 0.304 nm, rlist 1.304 nm
  inner list: updated every  10 steps, buffer 0.042 nm, rlist 1.042 nm

Using Lorentz-Berthelot Lennard-Jones combination rule

Initializing LINear Constraint Solver

++++ PLEASE READ AND CITE THE FOLLOWING REFERENCE ++++
B. Hess and H. Bekker and H. J. C. Berendsen and J. G. E. M. Fraaije
LINCS: A Linear Constraint Solver for molecular simulations
J. Comp. Chem. 18 (1997) pp. 1463-1472
-------- -------- --- Thank You --- -------- --------

The number of constraints is 4335

++++ PLEASE READ AND CITE THE FOLLOWING REFERENCE ++++
S. Miyamoto and P. A. Kollman
SETTLE: An Analytical Version of the SHAKE and RATTLE Algorithms for Rigid
Water Models
J. Comp. Chem. 13 (1992) pp. 952-962
-------- -------- --- Thank You --- -------- --------


++++ PLEASE READ AND CITE THE FOLLOWING REFERENCE ++++
G. Bussi, D. Donadio and M. Parrinello
Canonical sampling through velocity rescaling
J. Chem. Phys. 126 (2007) pp. 014101
-------- -------- --- Thank You --- -------- --------

There are: 56841 Atoms
Center of mass motion removal mode is Linear
We have the following groups for center of mass motion removal:
  0:  rest

Started mdrun on rank 0 Mon May 15 11:44:04 2023

           Step           Time
              0        0.00000

   Energies (kJ/mol)
          Angle    Proper Dih. Ryckaert-Bell.          LJ-14     Coulomb-14
    8.96535e+03    5.19511e+02    1.36954e+04    4.72140e+03    5.14842e+04
        LJ (SR)  Disper. corr.   Coulomb (SR)   Coul. recip. Position Rest.
    1.01834e+05   -7.36120e+03   -9.12228e+05    5.07676e+03    9.65272e-11
      Potential    Kinetic En.   Total Energy  Conserved En.    Temperature
   -7.33293e+05    1.43704e+05   -5.89588e+05   -5.89581e+05    3.04159e+02
 Pres. DC (bar) Pressure (bar)   Constr. rmsd
   -2.14974e+02   -1.57546e+02    3.06946e-05

step 4400: timed with pme grid 52 56 52, coulomb cutoff 1.000: 407.0 M-cycles
step 4600: timed with pme grid 48 48 48, coulomb cutoff 1.086: 425.8 M-cycles
step 4800: timed with pme grid 44 44 44, coulomb cutoff 1.185: 477.6 M-cycles
step 5000: timed with pme grid 44 48 44, coulomb cutoff 1.175: 470.5 M-cycles
           Step           Time
           5000       10.00000

   Energies (kJ/mol)
          Angle    Proper Dih. Ryckaert-Bell.          LJ-14     Coulomb-14
    8.96001e+03    4.85829e+02    1.38483e+04    4.79820e+03    5.15300e+04
        LJ (SR)  Disper. corr.   Coulomb (SR)   Coul. recip. Position Rest.
    1.00567e+05   -7.35742e+03   -9.08951e+05    3.89152e+03    4.41392e+02
      Potential    Kinetic En.   Total Energy  Conserved En.    Temperature
   -7.31786e+05    1.41927e+05   -5.89859e+05   -5.90558e+05    3.00397e+02
 Pres. DC (bar) Pressure (bar)   Constr. rmsd
   -2.14754e+02    2.06852e+01    2.57417e-05

step 5200: timed with pme grid 48 48 48, coulomb cutoff 1.086: 423.4 M-cycles
step 5400: timed with pme grid 48 52 48, coulomb cutoff 1.077: 423.4 M-cycles
step 5600: timed with pme grid 52 52 52, coulomb cutoff 1.002: 403.7 M-cycles
step 5800: timed with pme grid 52 56 52, coulomb cutoff 1.000: 408.3 M-cycles
              optimal pme grid 52 52 52, coulomb cutoff 1.002
           Step           Time
          10000       20.00000

   Energies (kJ/mol)
          Angle    Proper Dih. Ryckaert-Bell.          LJ-14     Coulomb-14
    8.62688e+03    4.64223e+02    1.37356e+04    4.89269e+03    5.18442e+04
        LJ (SR)  Disper. corr.   Coulomb (SR)   Coul. recip. Position Rest.
    1.02359e+05   -7.35698e+03   -9.14865e+05    5.03921e+03    4.68487e+02
      Potential    Kinetic En.   Total Energy  Conserved En.    Temperature
   -7.34793e+05    1.41506e+05   -5.93287e+05   -5.90940e+05    2.99505e+02
 Pres. DC (bar) Pressure (bar)   Constr. rmsd
   -2.14728e+02    1.52307e+02    2.57879e-05

           Step           Time
          15000       30.00000

   Energies (kJ/mol)
          Angle    Proper Dih. Ryckaert-Bell.          LJ-14     Coulomb-14
    8.89817e+03    4.99159e+02    1.37399e+04    4.84356e+03    5.15982e+04
        LJ (SR)  Disper. corr.   Coulomb (SR)   Coul. recip. Position Rest.
    1.01029e+05   -7.36341e+03   -9.12729e+05    5.14635e+03    4.86415e+02
      Potential    Kinetic En.   Total Energy  Conserved En.    Temperature
   -7.33852e+05    1.41584e+05   -5.92268e+05   -5.91322e+05    2.99670e+02
 Pres. DC (bar) Pressure (bar)   Constr. rmsd
   -2.15103e+02   -5.02758e+01    2.54371e-05

           Step           Time
          20000       40.00000

   Energies (kJ/mol)
          Angle    Proper Dih. Ryckaert-Bell.          LJ-14     Coulomb-14
    8.82860e+03    4.60422e+02    1.38029e+04    4.77180e+03    5.17856e+04
        LJ (SR)  Disper. corr.   Coulomb (SR)   Coul. recip. Position Rest.
    1.00747e+05   -7.35630e+03   -9.11473e+05    5.05425e+03    4.99066e+02
      Potential    Kinetic En.   Total Energy  Conserved En.    Temperature
   -7.32880e+05    1.40405e+05   -5.92475e+05   -5.91706e+05    2.97176e+02
 Pres. DC (bar) Pressure (bar)   Constr. rmsd
   -2.14688e+02   -1.08022e+02    2.61827e-05

           Step           Time
          25000       50.00000

   Energies (kJ/mol)
          Angle    Proper Dih. Ryckaert-Bell.          LJ-14     Coulomb-14
    8.83834e+03    5.06672e+02    1.37593e+04    4.82709e+03    5.15704e+04
        LJ (SR)  Disper. corr.   Coulomb (SR)   Coul. recip. Position Rest.
    9.99957e+04   -7.36195e+03   -9.10653e+05    5.06169e+03    4.60899e+02
      Potential    Kinetic En.   Total Energy  Conserved En.    Temperature
   -7.32995e+05    1.41869e+05   -5.91125e+05   -5.92134e+05    3.00275e+02
 Pres. DC (bar) Pressure (bar)   Constr. rmsd
   -2.15018e+02   -1.12674e+02    2.76416e-05

           Step           Time
          30000       60.00000

   Energies (kJ/mol)
          Angle    Proper Dih. Ryckaert-Bell.          LJ-14     Coulomb-14
    8.97410e+03    4.79419e+02    1.37770e+04    4.78790e+03    5.17588e+04
        LJ (SR)  Disper. corr.   Coulomb (SR)   Coul. recip. Position Rest.
    1.01312e+05   -7.35497e+03   -9.10511e+05    4.97293e+03    4.50844e+02
      Potential    Kinetic En.   Total Energy  Conserved En.    Temperature
   -7.31353e+05    1.41319e+05   -5.90034e+05   -5.92529e+05    2.99111e+02
 Pres. DC (bar) Pressure (bar)   Constr. rmsd
   -2.14611e+02   -3.42230e+00    2.65953e-05

           Step           Time
          35000       70.00000

   Energies (kJ/mol)
          Angle    Proper Dih. Ryckaert-Bell.          LJ-14     Coulomb-14
    8.72006e+03    4.96944e+02    1.37327e+04    4.77766e+03    5.14537e+04
        LJ (SR)  Disper. corr.   Coulomb (SR)   Coul. recip. Position Rest.
    1.01285e+05   -7.36097e+03   -9.11094e+05    5.10552e+03    4.81693e+02
      Potential    Kinetic En.   Total Energy  Conserved En.    Temperature
   -7.32401e+05    1.41762e+05   -5.90639e+05   -5.92921e+05    3.00048e+02
 Pres. DC (bar) Pressure (bar)   Constr. rmsd
   -2.14960e+02    3.47606e+01    2.65021e-05

           Step           Time
          40000       80.00000

   Energies (kJ/mol)
          Angle    Proper Dih. Ryckaert-Bell.          LJ-14     Coulomb-14
    8.90158e+03    5.19735e+02    1.38548e+04    4.70735e+03    5.15930e+04
        LJ (SR)  Disper. corr.   Coulomb (SR)   Coul. recip. Position Rest.
    1.01610e+05   -7.35622e+03   -9.12097e+05    5.13719e+03    5.07086e+02
      Potential    Kinetic En.   Total Energy  Conserved En.    Temperature
   -7.32622e+05    1.41499e+05   -5.91124e+05   -5.93335e+05    2.99490e+02
 Pres. DC (bar) Pressure (bar)   Constr. rmsd
   -2.14684e+02   -4.72742e+01    2.86162e-05

           Step           Time
          45000       90.00000

   Energies (kJ/mol)
          Angle    Proper Dih. Ryckaert-Bell.          LJ-14     Coulomb-14
    8.93514e+03    4.71386e+02    1.37272e+04    4.85339e+03    5.17196e+04
        LJ (SR)  Disper. corr.   Coulomb (SR)   Coul. recip. Position Rest.
    9.97263e+04   -7.35889e+03   -9.09473e+05    5.04052e+03    5.44671e+02
      Potential    Kinetic En.   Total Energy  Conserved En.    Temperature
   -7.31814e+05    1.41175e+05   -5.90639e+05   -5.93731e+05    2.98805e+02
 Pres. DC (bar) Pressure (bar)   Constr. rmsd
   -2.14840e+02   -2.17847e+01    2.55327e-05

           Step           Time
          50000      100.00000

Writing checkpoint, step 50000 at Mon May 15 11:45:07 2023


   Energies (kJ/mol)
          Angle    Proper Dih. Ryckaert-Bell.          LJ-14     Coulomb-14
    8.90308e+03    4.81840e+02    1.38537e+04    4.76684e+03    5.14768e+04
        LJ (SR)  Disper. corr.   Coulomb (SR)   Coul. recip. Position Rest.
    1.00108e+05   -7.36477e+03   -9.11699e+05    5.16499e+03    4.70214e+02
      Potential    Kinetic En.   Total Energy  Conserved En.    Temperature
   -7.33838e+05    1.41500e+05   -5.92339e+05   -5.94141e+05    2.99492e+02
 Pres. DC (bar) Pressure (bar)   Constr. rmsd
   -2.15182e+02   -1.29331e+02    2.60298e-05


Energy conservation over simulation part #1 of length 100 ns, time 0 to 100 ns
  Conserved energy drift: -8.02e-04 kJ/mol/ps per atom


	<======  ###############  ==>
	<====  A V E R A G E S  ====>
	<==  ###############  ======>

	Statistics over 50001 steps using 501 frames

   Energies (kJ/mol)
          Angle    Proper Dih. Ryckaert-Bell.          LJ-14     Coulomb-14
    8.90049e+03    5.00905e+02    1.37595e+04    4.79268e+03    5.15457e+04
        LJ (SR)  Disper. corr.   Coulomb (SR)   Coul. recip. Position Rest.
    1.01183e+05   -7.35982e+03   -9.11869e+05    5.05070e+03    4.85838e+02
      Potential    Kinetic En.   Total Energy  Conserved En.    Temperature
   -7.33010e+05    1.41712e+05   -5.91298e+05   -5.92138e+05    2.99941e+02
 Pres. DC (bar) Pressure (bar)   Constr. rmsd
   -2.14894e+02   -6.64436e-01    0.00000e+00

          Box-X          Box-Y          Box-Z
    8.25529e+00    8.33953e+00    8.27064e+00

   Total Virial (kJ/mol)
    4.72733e+04   -1.79009e+02    2.13644e+02
   -1.78523e+02    4.71902e+04   -1.15885e+02
    2.14026e+02   -1.15645e+02    4.72826e+04

   Pressure (bar)
    2.28290e-01    7.67295e+00   -1.24283e+01
    7.64460e+00    2.40692e+00    9.25110e+00
   -1.24505e+01    9.23712e+00   -4.62852e+00


       P P   -   P M E   L O A D   B A L A N C I N G

 PP/PME load balancing changed the cut-off and PME settings:
           particle-particle                    PME
            rcoulomb  rlist            grid      spacing   1/beta
   initial  1.000 nm  1.001 nm      52  56  52   0.159 nm  0.320 nm
   final    1.002 nm  1.003 nm      52  52  52   0.160 nm  0.321 nm
 cost-ratio           1.01             0.93
 (note that these numbers concern only part of the total PP and PME load)


	M E G A - F L O P S   A C C O U N T I N G

 NB=Group-cutoff nonbonded kernels    NxN=N-by-N cluster Verlet kernels
 RF=Reaction-Field  VdW=Van der Waals  QSTab=quadratic-spline table
 W3=SPC/TIP3p  W4=TIP4p (single or pairs)
 V&F=Potential and force  V=Potential only  F=Force only

 Computing:                               M-Number         M-Flops  % Flops
-----------------------------------------------------------------------------
 Pair Search distance check            2706.749392       24360.745     0.0
 NxN Ewald Elec. + LJ [F]           2714855.818752   179180484.038    98.0
 NxN Ewald Elec. + LJ [V&F]           27477.581440     2940101.214     1.6
 1,4 nonbonded interactions             566.811336       51013.020     0.0
 Shift-X                                 28.477341         170.864     0.0
 Angles                                 394.257885       66235.325     0.0
 Propers                                 40.250805        9217.434     0.0
 RB-Dihedrals                           460.509210      113745.775     0.1
 Pos. Restr.                            106.002120        5300.106     0.0
 Virial                                 284.486886        5120.764     0.0
 Stop-CM                                 28.477341         284.773     0.0
 P-Coupling                             284.261841        1705.571     0.0
 Calc-Ekin                              568.523682       15350.139     0.0
 Lincs                                  216.754335       13005.260     0.0
 Lincs-Mat                             4731.094620       18924.378     0.0
 Constraint-V                          3060.361206       27543.251     0.0
 Constraint-Vir                         284.411871        6825.885     0.0
 Settle                                 875.617512      323978.479     0.2
-----------------------------------------------------------------------------
 Total                                               182803367.022   100.0
-----------------------------------------------------------------------------


     R E A L   C Y C L E   A N D   T I M E   A C C O U N T I N G

On 1 MPI rank, each using 8 OpenMP threads

 Computing:          Num   Num      Call    Wall time         Giga-Cycles
                     Ranks Threads  Count      (s)         total sum    %
-----------------------------------------------------------------------------
 Neighbor search        1    8        501       2.901         83.538   4.6
 Launch GPU ops.        1    8      50001       5.820        167.621   9.2
 Force                  1    8      50001      11.547        332.570  18.2
 Wait PME GPU gather    1    8      50001       7.791        224.383  12.3
 Reduce GPU PME F       1    8      50001       1.114         32.072   1.8
 Wait GPU NB local                              7.966        229.438  12.6
 NB X/F buffer ops.     1    8      99501       5.671        163.325   9.0
 Write traj.            1    8         11       0.402         11.588   0.6
 Update                 1    8      50001       2.240         64.526   3.5
 Constraints            1    8      50001       7.584        218.423  12.0
 Rest                                          10.242        294.970  16.2
-----------------------------------------------------------------------------
 Total                                         63.279       1822.453 100.0
-----------------------------------------------------------------------------

               Core t (s)   Wall t (s)        (%)
       Time:      506.229       63.279      800.0
                 (ns/day)    (hour/ns)
Performance:      136.542        0.176
Finished mdrun on rank 0 Mon May 15 11:45:08 2023

