                      :-) GROMACS - gmx mdrun, 2021.5 (-:

                            GROMACS is written by:
     Andrey Alekseenko              Emile Apol              Rossen Apostolov     
         Paul Bauer           Herman J.C. Berendsen           Par Bjelkmar       
       Christian Blau           Viacheslav Bolnykh             Kevin Boyd        
     Aldert van Buuren           Rudi van Drunen             Anton Feenstra      
    Gilles Gouaillardet             Alan Gray               Gerrit Groenhof      
       Anca Hamuraru            Vincent Hindriksen          M. Eric Irrgang      
      Aleksei Iupinov           Christoph Junghans             Joe Jordan        
    Dimitrios Karkoulis            Peter Kasson                Jiri Kraus        
      Carsten Kutzner              Per Larsson              Justin A. Lemkul     
       Viveca Lindahl            Magnus Lundborg             Erik Marklund       
        Pascal Merz             Pieter Meulenhoff            Teemu Murtola       
        Szilard Pall               Sander Pronk              Roland Schulz       
       Michael Shirts            Alexey Shvetsov             Alfons Sijbers      
       Peter Tieleman              Jon Vincent              Teemu Virolainen     
     Christian Wennberg            Maarten Wolf              Artem Zhmurov       
                           and the project leaders:
        Mark Abraham, Berk Hess, Erik Lindahl, and David van der Spoel

Copyright (c) 1991-2000, University of Groningen, The Netherlands.
Copyright (c) 2001-2019, The GROMACS development team at
Uppsala University, Stockholm University and
the Royal Institute of Technology, Sweden.
check out http://www.gromacs.org for more information.

GROMACS is free software; you can redistribute it and/or modify it
under the terms of the GNU Lesser General Public License
as published by the Free Software Foundation; either version 2.1
of the License, or (at your option) any later version.

GROMACS:      gmx mdrun, version 2021.5
Executable:   /home/user01/software/gmx_mpi-2021.5/bin//gmx_mpi
Data prefix:  /home/user01/software/gmx_mpi-2021.5
Working dir:  /home/user01/GIT-repository/00-MD-AUTOMATION/example/ex2_3ET3
Process ID:   38760
Command line:
  gmx_mpi mdrun -deffnm nvt -ntomp 8

GROMACS version:    2021.5
Precision:          mixed
Memory model:       64 bit
MPI library:        MPI
OpenMP support:     enabled (GMX_OPENMP_MAX_THREADS = 64)
GPU support:        CUDA
SIMD instructions:  AVX_512
FFT library:        fftw-3.3.8-sse2-avx-avx2-avx2_128-avx512
RDTSCP usage:       enabled
TNG support:        enabled
Hwloc support:      disabled
Tracing support:    disabled
C compiler:         /usr/bin/cc GNU 8.4.0
C compiler flags:   -mavx512f -mfma -pthread -Wno-missing-field-initializers -fexcess-precision=fast -funroll-all-loops -O3 -DNDEBUG
C++ compiler:       /usr/bin/c++ GNU 8.4.0
C++ compiler flags: -mavx512f -mfma -pthread -Wno-missing-field-initializers -fexcess-precision=fast -funroll-all-loops -fopenmp -O3 -DNDEBUG
CUDA compiler:      /usr/local/cuda/bin/nvcc nvcc: NVIDIA (R) Cuda compiler driver;Copyright (c) 2005-2019 NVIDIA Corporation;Built on Sun_Jul_28_19:07:16_PDT_2019;Cuda compilation tools, release 10.1, V10.1.243
CUDA compiler flags:-std=c++14;-gencode;arch=compute_30,code=sm_30;-gencode;arch=compute_35,code=sm_35;-gencode;arch=compute_37,code=sm_37;-gencode;arch=compute_50,code=sm_50;-gencode;arch=compute_52,code=sm_52;-gencode;arch=compute_60,code=sm_60;-gencode;arch=compute_61,code=sm_61;-gencode;arch=compute_70,code=sm_70;-gencode;arch=compute_75,code=sm_75;-gencode;arch=compute_35,code=compute_35;-gencode;arch=compute_32,code=compute_32;-use_fast_math;-D_FORCE_INLINES;-mavx512f -mfma -pthread -Wno-missing-field-initializers -fexcess-precision=fast -funroll-all-loops -fopenmp -O3 -DNDEBUG
CUDA driver:        11.40
CUDA runtime:       10.10


Running on 1 node with total 4 cores, 8 logical cores, 2 compatible GPUs
Hardware detected on host union (the node of MPI rank 0):
  CPU info:
    Vendor: Intel
    Brand:  Intel(R) Xeon(R) W-2123 CPU @ 3.60GHz
    Family: 6   Model: 85   Stepping: 4
    Features: aes apic avx avx2 avx512f avx512cd avx512bw avx512vl avx512secondFMA clfsh cmov cx8 cx16 f16c fma hle htt intel lahf mmx msr nonstop_tsc pcid pclmuldq pdcm pdpe1gb popcnt pse rdrnd rdtscp rtm sse2 sse3 sse4.1 sse4.2 ssse3 tdt x2apic
    Number of AVX-512 FMA units: 2
  Hardware topology: Basic
    Sockets, cores, and logical processors:
      Socket  0: [   0   4] [   1   5] [   2   6] [   3   7]
  GPU info:
    Number of GPUs detected: 2
    #0: NVIDIA NVIDIA GeForce GTX 1080 Ti, compute cap.: 6.1, ECC:  no, stat: compatible
    #1: NVIDIA NVIDIA GeForce GTX 1080 Ti, compute cap.: 6.1, ECC:  no, stat: compatible


++++ PLEASE READ AND CITE THE FOLLOWING REFERENCE ++++
M. J. Abraham, T. Murtola, R. Schulz, S. Páll, J. C. Smith, B. Hess, E.
Lindahl
GROMACS: High performance molecular simulations through multi-level
parallelism from laptops to supercomputers
SoftwareX 1 (2015) pp. 19-25
-------- -------- --- Thank You --- -------- --------


++++ PLEASE READ AND CITE THE FOLLOWING REFERENCE ++++
S. Páll, M. J. Abraham, C. Kutzner, B. Hess, E. Lindahl
Tackling Exascale Software Challenges in Molecular Dynamics Simulations with
GROMACS
In S. Markidis & E. Laure (Eds.), Solving Software Challenges for Exascale 8759 (2015) pp. 3-27
-------- -------- --- Thank You --- -------- --------


++++ PLEASE READ AND CITE THE FOLLOWING REFERENCE ++++
S. Pronk, S. Páll, R. Schulz, P. Larsson, P. Bjelkmar, R. Apostolov, M. R.
Shirts, J. C. Smith, P. M. Kasson, D. van der Spoel, B. Hess, and E. Lindahl
GROMACS 4.5: a high-throughput and highly parallel open source molecular
simulation toolkit
Bioinformatics 29 (2013) pp. 845-54
-------- -------- --- Thank You --- -------- --------


++++ PLEASE READ AND CITE THE FOLLOWING REFERENCE ++++
B. Hess and C. Kutzner and D. van der Spoel and E. Lindahl
GROMACS 4: Algorithms for highly efficient, load-balanced, and scalable
molecular simulation
J. Chem. Theory Comput. 4 (2008) pp. 435-447
-------- -------- --- Thank You --- -------- --------


++++ PLEASE READ AND CITE THE FOLLOWING REFERENCE ++++
D. van der Spoel, E. Lindahl, B. Hess, G. Groenhof, A. E. Mark and H. J. C.
Berendsen
GROMACS: Fast, Flexible and Free
J. Comp. Chem. 26 (2005) pp. 1701-1719
-------- -------- --- Thank You --- -------- --------


++++ PLEASE READ AND CITE THE FOLLOWING REFERENCE ++++
E. Lindahl and B. Hess and D. van der Spoel
GROMACS 3.0: A package for molecular simulation and trajectory analysis
J. Mol. Mod. 7 (2001) pp. 306-317
-------- -------- --- Thank You --- -------- --------


++++ PLEASE READ AND CITE THE FOLLOWING REFERENCE ++++
H. J. C. Berendsen, D. van der Spoel and R. van Drunen
GROMACS: A message-passing parallel molecular dynamics implementation
Comp. Phys. Comm. 91 (1995) pp. 43-56
-------- -------- --- Thank You --- -------- --------


++++ PLEASE CITE THE DOI FOR THIS VERSION OF GROMACS ++++
https://doi.org/10.5281/zenodo.5850051
-------- -------- --- Thank You --- -------- --------

Input Parameters:
   integrator                     = md
   tinit                          = 0
   dt                             = 0.002
   nsteps                         = 50000
   init-step                      = 0
   simulation-part                = 1
   mts                            = false
   comm-mode                      = Linear
   nstcomm                        = 100
   bd-fric                        = 0
   ld-seed                        = -1078477459
   emtol                          = 10
   emstep                         = 0.01
   niter                          = 20
   fcstep                         = 0
   nstcgsteep                     = 1000
   nbfgscorr                      = 10
   rtpi                           = 0.05
   nstxout                        = 0
   nstvout                        = 0
   nstfout                        = 0
   nstlog                         = 5000
   nstcalcenergy                  = 100
   nstenergy                      = 0
   nstxout-compressed             = 5000
   compressed-x-precision         = 1000
   cutoff-scheme                  = Verlet
   nstlist                        = 10
   pbc                            = xyz
   periodic-molecules             = false
   verlet-buffer-tolerance        = 0.005
   rlist                          = 1
   coulombtype                    = PME
   coulomb-modifier               = Potential-shift
   rcoulomb-switch                = 0
   rcoulomb                       = 1
   epsilon-r                      = 1
   epsilon-rf                     = inf
   vdw-type                       = Cut-off
   vdw-modifier                   = Potential-shift
   rvdw-switch                    = 0
   rvdw                           = 1
   DispCorr                       = EnerPres
   table-extension                = 1
   fourierspacing                 = 0.16
   fourier-nx                     = 56
   fourier-ny                     = 56
   fourier-nz                     = 56
   pme-order                      = 4
   ewald-rtol                     = 1e-05
   ewald-rtol-lj                  = 0.001
   lj-pme-comb-rule               = Geometric
   ewald-geometry                 = 0
   epsilon-surface                = 0
   tcoupl                         = V-rescale
   nsttcouple                     = 10
   nh-chain-length                = 0
   print-nose-hoover-chain-variables = false
   pcoupl                         = No
   pcoupltype                     = Isotropic
   nstpcouple                     = -1
   tau-p                          = 1
   compressibility (3x3):
      compressibility[    0]={ 0.00000e+00,  0.00000e+00,  0.00000e+00}
      compressibility[    1]={ 0.00000e+00,  0.00000e+00,  0.00000e+00}
      compressibility[    2]={ 0.00000e+00,  0.00000e+00,  0.00000e+00}
   ref-p (3x3):
      ref-p[    0]={ 0.00000e+00,  0.00000e+00,  0.00000e+00}
      ref-p[    1]={ 0.00000e+00,  0.00000e+00,  0.00000e+00}
      ref-p[    2]={ 0.00000e+00,  0.00000e+00,  0.00000e+00}
   refcoord-scaling               = No
   posres-com (3):
      posres-com[0]= 0.00000e+00
      posres-com[1]= 0.00000e+00
      posres-com[2]= 0.00000e+00
   posres-comB (3):
      posres-comB[0]= 0.00000e+00
      posres-comB[1]= 0.00000e+00
      posres-comB[2]= 0.00000e+00
   QMMM                           = false
qm-opts:
   ngQM                           = 0
   constraint-algorithm           = Shake
   continuation                   = false
   Shake-SOR                      = false
   shake-tol                      = 0.0001
   lincs-order                    = 4
   lincs-iter                     = 1
   lincs-warnangle                = 30
   nwall                          = 0
   wall-type                      = 9-3
   wall-r-linpot                  = -1
   wall-atomtype[0]               = -1
   wall-atomtype[1]               = -1
   wall-density[0]                = 0
   wall-density[1]                = 0
   wall-ewald-zfac                = 3
   pull                           = false
   awh                            = false
   rotation                       = false
   interactiveMD                  = false
   disre                          = No
   disre-weighting                = Conservative
   disre-mixed                    = false
   dr-fc                          = 1000
   dr-tau                         = 0
   nstdisreout                    = 100
   orire-fc                       = 0
   orire-tau                      = 0
   nstorireout                    = 100
   free-energy                    = no
   cos-acceleration               = 0
   deform (3x3):
      deform[    0]={ 0.00000e+00,  0.00000e+00,  0.00000e+00}
      deform[    1]={ 0.00000e+00,  0.00000e+00,  0.00000e+00}
      deform[    2]={ 0.00000e+00,  0.00000e+00,  0.00000e+00}
   simulated-tempering            = false
   swapcoords                     = no
   userint1                       = 0
   userint2                       = 0
   userint3                       = 0
   userint4                       = 0
   userreal1                      = 0
   userreal2                      = 0
   userreal3                      = 0
   userreal4                      = 0
   applied-forces:
     electric-field:
       x:
         E0                       = 0
         omega                    = 0
         t0                       = 0
         sigma                    = 0
       y:
         E0                       = 0
         omega                    = 0
         t0                       = 0
         sigma                    = 0
       z:
         E0                       = 0
         omega                    = 0
         t0                       = 0
         sigma                    = 0
     density-guided-simulation:
       active                     = false
       group                      = protein
       similarity-measure         = inner-product
       atom-spreading-weight      = unity
       force-constant             = 1e+09
       gaussian-transform-spreading-width = 0.2
       gaussian-transform-spreading-range-in-multiples-of-width = 4
       reference-density-filename = reference.mrc
       nst                        = 1
       normalize-densities        = true
       adaptive-force-scaling     = false
       adaptive-force-scaling-time-constant = 4
       shift-vector               = 
       transformation-matrix      = 
grpopts:
   nrdf:     8473.78      105175
   ref-t:         300         300
   tau-t:         0.1         0.1
annealing:      Single      Single
annealing-npoints:           2           2
annealing-time [0]:	         0.0       100.0
annealing-temp [0]:	         0.0       300.0
annealing-time [1]:	         0.0       100.0
annealing-temp [1]:	         0.0       300.0
   acc:	           0           0           0
   nfreeze:           N           N           N
   energygrp-flags[  0]: 0

Changing nstlist from 10 to 100, rlist from 1 to 1.144

1 GPU selected for this run.
Mapping of GPU IDs to the 2 GPU tasks in the 1 rank on this node:
  PP:0,PME:0
PP tasks will do (non-perturbed) short-ranged interactions on the GPU
PP task will update and constrain coordinates on the CPU
PME tasks will do all aspects on the GPU
Using 1 MPI process
Using 8 OpenMP threads 

Pinning threads with an auto-selected logical core stride of 1
System total charge: -0.000
Will do PME sum in reciprocal space for electrostatic interactions.

++++ PLEASE READ AND CITE THE FOLLOWING REFERENCE ++++
U. Essmann, L. Perera, M. L. Berkowitz, T. Darden, H. Lee and L. G. Pedersen 
A smooth particle mesh Ewald method
J. Chem. Phys. 103 (1995) pp. 8577-8592
-------- -------- --- Thank You --- -------- --------

Using a Gaussian width (1/beta) of 0.320163 nm for Ewald
Potential shift: LJ r^-12: -1.000e+00 r^-6: -1.000e+00, Ewald -1.000e-05
Initialized non-bonded Ewald tables, spacing: 9.33e-04 size: 1073

Generated table with 1072 data points for 1-4 COUL.
Tabscale = 500 points/nm
Generated table with 1072 data points for 1-4 LJ6.
Tabscale = 500 points/nm
Generated table with 1072 data points for 1-4 LJ12.
Tabscale = 500 points/nm
Long Range LJ corr.: <C6> 3.1002e-04


Using GPU 8x8 nonbonded short-range kernels

Using a dual 8x8 pair-list setup updated with dynamic, rolling pruning:
  outer list: updated every 100 steps, buffer 0.144 nm, rlist 1.144 nm
  inner list: updated every  12 steps, buffer 0.002 nm, rlist 1.002 nm
At tolerance 0.005 kJ/mol/ps per atom, equivalent classical 1x1 list would be:
  outer list: updated every 100 steps, buffer 0.294 nm, rlist 1.294 nm
  inner list: updated every  12 steps, buffer 0.051 nm, rlist 1.051 nm

Using Lorentz-Berthelot Lennard-Jones combination rule
Removing pbc first time

++++ PLEASE READ AND CITE THE FOLLOWING REFERENCE ++++
J. P. Ryckaert and G. Ciccotti and H. J. C. Berendsen
Numerical Integration of the Cartesian Equations of Motion of a System with
Constraints; Molecular Dynamics of n-Alkanes
J. Comp. Phys. 23 (1977) pp. 327-341
-------- -------- --- Thank You --- -------- --------


++++ PLEASE READ AND CITE THE FOLLOWING REFERENCE ++++
S. Miyamoto and P. A. Kollman
SETTLE: An Analytical Version of the SHAKE and RATTLE Algorithms for Rigid
Water Models
J. Comp. Chem. 13 (1992) pp. 952-962
-------- -------- --- Thank You --- -------- --------


++++ PLEASE READ AND CITE THE FOLLOWING REFERENCE ++++
G. Bussi, D. Donadio and M. Parrinello
Canonical sampling through velocity rescaling
J. Chem. Phys. 126 (2007) pp. 014101
-------- -------- --- Thank You --- -------- --------

There are: 56841 Atoms

Constraining the starting coordinates (step 0)

Constraining the coordinates at t0-dt (step 0)
Center of mass motion removal mode is Linear
We have the following groups for center of mass motion removal:
  0:  rest
Initial temperature: 4.23222e-07 K

Started mdrun on rank 0 Mon May 15 11:38:07 2023

           Step           Time
              0        0.00000

Current ref_t for group Protein:      0.0
Current ref_t for group non-Protein:      0.0

   Energies (kJ/mol)
          Angle    Proper Dih. Ryckaert-Bell.          LJ-14     Coulomb-14
    3.71572e+03    1.11275e+02    1.27624e+04    3.81126e+03    5.10044e+04
        LJ (SR)  Disper. corr.   Coulomb (SR)   Coul. recip. Position Rest.
    1.17633e+05   -6.13270e+03   -1.03805e+06    6.48658e+03    9.73816e+00
      Potential    Kinetic En.   Total Energy  Conserved En.    Temperature
   -8.48653e+05    2.75804e+01   -8.48625e+05   -8.48625e+05    5.83755e-02
 Pres. DC (bar) Pressure (bar)
   -1.49279e+02   -5.63761e+03

step 2700: timed with pme grid 56 56 56, coulomb cutoff 1.000: 678.4 M-cycles
step 2900: timed with pme grid 48 48 48, coulomb cutoff 1.154: 723.3 M-cycles
step 3100: timed with pme grid 44 44 44, coulomb cutoff 1.259: 823.2 M-cycles
step 3300: timed with pme grid 44 48 44, coulomb cutoff 1.248: 767.1 M-cycles
step 3500: timed with pme grid 48 48 48, coulomb cutoff 1.154: 709.7 M-cycles
step 3700: timed with pme grid 48 52 48, coulomb cutoff 1.144: 714.9 M-cycles
step 3900: timed with pme grid 52 52 52, coulomb cutoff 1.065: 760.0 M-cycles
step 4100: timed with pme grid 52 56 52, coulomb cutoff 1.056: 696.3 M-cycles
step 4300: timed with pme grid 56 56 56, coulomb cutoff 1.000: 661.8 M-cycles
step 4500: timed with pme grid 48 48 48, coulomb cutoff 1.154: 716.2 M-cycles
step 4700: timed with pme grid 48 52 48, coulomb cutoff 1.144: 724.8 M-cycles
step 4900: timed with pme grid 52 56 52, coulomb cutoff 1.056: 703.4 M-cycles
           Step           Time
           5000       10.00000

Current ref_t for group Protein:     30.0
Current ref_t for group non-Protein:     30.0

   Energies (kJ/mol)
          Angle    Proper Dih. Ryckaert-Bell.          LJ-14     Coulomb-14
    2.88001e+03    1.47004e+02    1.28317e+04    4.28273e+03    5.17059e+04
        LJ (SR)  Disper. corr.   Coulomb (SR)   Coul. recip. Position Rest.
    1.71272e+05   -6.13270e+03   -1.14312e+06    3.67144e+03    5.66163e+02
      Potential    Kinetic En.   Total Energy  Conserved En.    Temperature
   -9.01899e+05    1.40418e+04   -8.87857e+05   -8.48774e+05    2.97203e+01
 Pres. DC (bar) Pressure (bar)
   -1.49279e+02   -4.67056e+02

step 5100: timed with pme grid 56 56 56, coulomb cutoff 1.000: 734.9 M-cycles
              optimal pme grid 56 56 56, coulomb cutoff 1.000
           Step           Time
          10000       20.00000

Current ref_t for group Protein:     60.0
Current ref_t for group non-Protein:     60.0

   Energies (kJ/mol)
          Angle    Proper Dih. Ryckaert-Bell.          LJ-14     Coulomb-14
    3.42547e+03    1.98825e+02    1.29197e+04    4.34972e+03    5.16451e+04
        LJ (SR)  Disper. corr.   Coulomb (SR)   Coul. recip. Position Rest.
    1.66972e+05   -6.13270e+03   -1.13147e+06    3.61260e+03    6.78527e+02
      Potential    Kinetic En.   Total Energy  Conserved En.    Temperature
   -8.93798e+05    2.81093e+04   -8.65689e+05   -8.48762e+05    5.94950e+01
 Pres. DC (bar) Pressure (bar)
   -1.49279e+02   -6.71876e+02

           Step           Time
          15000       30.00000

Current ref_t for group Protein:     90.0
Current ref_t for group non-Protein:     90.0

   Energies (kJ/mol)
          Angle    Proper Dih. Ryckaert-Bell.          LJ-14     Coulomb-14
    4.28223e+03    2.45098e+02    1.30407e+04    4.37225e+03    5.16337e+04
        LJ (SR)  Disper. corr.   Coulomb (SR)   Coul. recip. Position Rest.
    1.63390e+05   -6.13270e+03   -1.11744e+06    3.73192e+03    6.90332e+02
      Potential    Kinetic En.   Total Energy  Conserved En.    Temperature
   -8.82187e+05    4.21194e+04   -8.40067e+05   -8.48840e+05    8.91482e+01
 Pres. DC (bar) Pressure (bar)
   -1.49279e+02   -4.91965e+02

           Step           Time
          20000       40.00000

Current ref_t for group Protein:    120.0
Current ref_t for group non-Protein:    120.0

   Energies (kJ/mol)
          Angle    Proper Dih. Ryckaert-Bell.          LJ-14     Coulomb-14
    4.91058e+03    2.78082e+02    1.31282e+04    4.43152e+03    5.18027e+04
        LJ (SR)  Disper. corr.   Coulomb (SR)   Coul. recip. Position Rest.
    1.58635e+05   -6.13270e+03   -1.10110e+06    3.83945e+03    7.80164e+02
      Potential    Kinetic En.   Total Energy  Conserved En.    Temperature
   -8.69431e+05    5.61842e+04   -8.13247e+05   -8.49020e+05    1.18917e+02
 Pres. DC (bar) Pressure (bar)
   -1.49279e+02   -7.67554e+01

           Step           Time
          25000       50.00000

Current ref_t for group Protein:    150.0
Current ref_t for group non-Protein:    150.0

   Energies (kJ/mol)
          Angle    Proper Dih. Ryckaert-Bell.          LJ-14     Coulomb-14
    5.62241e+03    2.67129e+02    1.32200e+04    4.43976e+03    5.16327e+04
        LJ (SR)  Disper. corr.   Coulomb (SR)   Coul. recip. Position Rest.
    1.52751e+05   -6.13270e+03   -1.08236e+06    3.87565e+03    8.66036e+02
      Potential    Kinetic En.   Total Energy  Conserved En.    Temperature
   -8.55813e+05    7.06668e+04   -7.85146e+05   -8.49291e+05    1.49570e+02
 Pres. DC (bar) Pressure (bar)
   -1.49279e+02   -2.20462e+02

           Step           Time
          30000       60.00000

Current ref_t for group Protein:    180.0
Current ref_t for group non-Protein:    180.0

   Energies (kJ/mol)
          Angle    Proper Dih. Ryckaert-Bell.          LJ-14     Coulomb-14
    6.53634e+03    3.37809e+02    1.34021e+04    4.48580e+03    5.14867e+04
        LJ (SR)  Disper. corr.   Coulomb (SR)   Coul. recip. Position Rest.
    1.45351e+05   -6.13270e+03   -1.05772e+06    4.07717e+03    1.08803e+03
      Potential    Kinetic En.   Total Energy  Conserved En.    Temperature
   -8.37084e+05    8.45761e+04   -7.52508e+05   -8.49634e+05    1.79010e+02
 Pres. DC (bar) Pressure (bar)
   -1.49279e+02   -3.90007e+02

           Step           Time
          35000       70.00000

Current ref_t for group Protein:    210.0
Current ref_t for group non-Protein:    210.0

   Energies (kJ/mol)
          Angle    Proper Dih. Ryckaert-Bell.          LJ-14     Coulomb-14
    6.85415e+03    3.69493e+02    1.33692e+04    4.59614e+03    5.17382e+04
        LJ (SR)  Disper. corr.   Coulomb (SR)   Coul. recip. Position Rest.
    1.36181e+05   -6.13270e+03   -1.02683e+06    4.48123e+03    1.14524e+03
      Potential    Kinetic En.   Total Energy  Conserved En.    Temperature
   -8.14225e+05    9.91711e+04   -7.15054e+05   -8.50092e+05    2.09901e+02
 Pres. DC (bar) Pressure (bar)
   -1.49279e+02    2.99615e+02

           Step           Time
          40000       80.00000

Current ref_t for group Protein:    240.0
Current ref_t for group non-Protein:    240.0

   Energies (kJ/mol)
          Angle    Proper Dih. Ryckaert-Bell.          LJ-14     Coulomb-14
    7.63357e+03    3.70513e+02    1.35169e+04    4.58163e+03    5.17042e+04
        LJ (SR)  Disper. corr.   Coulomb (SR)   Coul. recip. Position Rest.
    1.20946e+05   -6.13270e+03   -9.79890e+05    4.96068e+03    1.29010e+03
      Potential    Kinetic En.   Total Energy  Conserved En.    Temperature
   -7.81020e+05    1.12919e+05   -6.68101e+05   -8.50610e+05    2.38999e+02
 Pres. DC (bar) Pressure (bar)
   -1.49279e+02   -3.08820e+02

           Step           Time
          45000       90.00000

Current ref_t for group Protein:    270.0
Current ref_t for group non-Protein:    270.0

   Energies (kJ/mol)
          Angle    Proper Dih. Ryckaert-Bell.          LJ-14     Coulomb-14
    8.14701e+03    4.05235e+02    1.36497e+04    4.64570e+03    5.15927e+04
        LJ (SR)  Disper. corr.   Coulomb (SR)   Coul. recip. Position Rest.
    1.11187e+05   -6.13270e+03   -9.43416e+05    5.21894e+03    1.32794e+03
      Potential    Kinetic En.   Total Energy  Conserved En.    Temperature
   -7.53374e+05    1.26473e+05   -6.26901e+05   -8.51212e+05    2.67688e+02
 Pres. DC (bar) Pressure (bar)
   -1.49279e+02    6.09408e+01

           Step           Time
          50000      100.00000

Writing checkpoint, step 50000 at Mon May 15 11:39:46 2023


Current ref_t for group Protein:    300.0
Current ref_t for group non-Protein:    300.0

   Energies (kJ/mol)
          Angle    Proper Dih. Ryckaert-Bell.          LJ-14     Coulomb-14
    8.78020e+03    4.44392e+02    1.38266e+04    4.79605e+03    5.16823e+04
        LJ (SR)  Disper. corr.   Coulomb (SR)   Coul. recip. Position Rest.
    9.96936e+04   -6.13270e+03   -9.01659e+05    5.81177e+03    1.50919e+03
      Potential    Kinetic En.   Total Energy  Conserved En.    Temperature
   -7.21248e+05    1.41968e+05   -5.79280e+05   -8.51895e+05    3.00483e+02
 Pres. DC (bar) Pressure (bar)
   -1.49279e+02   -7.84265e+02


Energy conservation over simulation part #1 of length 100 ns, time 0 to 100 ns
  Conserved energy drift: -5.75e-04 kJ/mol/ps per atom

Current ref_t for group Protein:    300.0
Current ref_t for group non-Protein:    300.0

	<======  ###############  ==>
	<====  A V E R A G E S  ====>
	<==  ###############  ======>

	Statistics over 50001 steps using 501 frames

   Energies (kJ/mol)
          Angle    Proper Dih. Ryckaert-Bell.          LJ-14     Coulomb-14
    5.58148e+03    3.01792e+02    1.32388e+04    4.47436e+03    5.16395e+04
        LJ (SR)  Disper. corr.   Coulomb (SR)   Coul. recip. Position Rest.
    1.45746e+05   -6.13270e+03   -1.05963e+06    4.20468e+03    9.04504e+02
      Potential    Kinetic En.   Total Energy  Conserved En.    Temperature
   -8.39670e+05    7.06081e+04   -7.69061e+05   -8.49656e+05    1.49446e+02
 Pres. DC (bar) Pressure (bar)
   -1.49279e+02   -3.91126e+02

   Total Virial (kJ/mol)
    2.94863e+04    1.01208e+02    4.05801e+02
    1.01022e+02    2.81255e+04    2.75113e+02
    4.04977e+02    2.73748e+02    3.71333e+04

   Pressure (bar)
   -2.88090e+02   -5.57565e+00   -1.83306e+01
   -5.56659e+00   -2.17762e+02   -1.32011e+01
   -1.82905e+01   -1.31348e+01   -6.67526e+02

      T-Protein  T-non-Protein
    1.49403e+02    1.49450e+02


	M E G A - F L O P S   A C C O U N T I N G

 NB=Group-cutoff nonbonded kernels    NxN=N-by-N cluster Verlet kernels
 RF=Reaction-Field  VdW=Van der Waals  QSTab=quadratic-spline table
 W3=SPC/TIP3p  W4=TIP4p (single or pairs)
 V&F=Potential and force  V=Potential only  F=Force only

 Computing:                               M-Number         M-Flops  % Flops
-----------------------------------------------------------------------------
 Pair Search distance check            2720.438400       24483.946     0.0
 NxN Ewald Elec. + LJ [F]           2372011.183872   156552738.136    97.9
 NxN Ewald Elec. + LJ [V&F]           24008.560064     2568915.927     1.6
 1,4 nonbonded interactions             566.811336       51013.020     0.0
 Shift-X                                 28.477341         170.864     0.0
 Angles                                 394.257885       66235.325     0.0
 Propers                                 40.250805        9217.434     0.0
 RB-Dihedrals                           460.509210      113745.775     0.1
 Pos. Restr.                            106.002120        5300.106     0.0
 Virial                                  28.499886         512.998     0.0
 Stop-CM                                 28.534182         285.342     0.0
 Calc-Ekin                              568.523682       15350.139     0.0
 Shake                                 2237.775414       67133.262     0.0
 Constraint-V                          3060.422412       27543.802     0.0
 Shake-Init                             216.763005        2167.630     0.0
 Constraint-Vir                          28.492371         683.817     0.0
 Settle                                 875.652536      323991.438     0.2
-----------------------------------------------------------------------------
 Total                                               159829488.961   100.0
-----------------------------------------------------------------------------


     R E A L   C Y C L E   A N D   T I M E   A C C O U N T I N G

On 1 MPI rank, each using 8 OpenMP threads

 Computing:          Num   Num      Call    Wall time         Giga-Cycles
                     Ranks Threads  Count      (s)         total sum    %
-----------------------------------------------------------------------------
 Neighbor search        1    8        501       2.516         72.473   2.5
 Launch GPU ops.        1    8      50001       4.384        126.251   4.4
 Force                  1    8      50001       8.860        255.157   8.9
 Wait PME GPU gather    1    8      50001       6.604        190.193   6.6
 Reduce GPU PME F       1    8      50001       1.201         34.587   1.2
 Wait GPU NB local                              6.689        192.658   6.7
 NB X/F buffer ops.     1    8      99501       3.969        114.316   4.0
 Write traj.            1    8         11       0.307          8.855   0.3
 Update                 1    8      50001       2.471         71.174   2.5
 Constraints            1    8      50003      51.998       1497.546  52.3
 Rest                                          10.383        299.025  10.4
-----------------------------------------------------------------------------
 Total                                         99.382       2862.237 100.0
-----------------------------------------------------------------------------

               Core t (s)   Wall t (s)        (%)
       Time:      795.057       99.382      800.0
                 (ns/day)    (hour/ns)
Performance:       86.939        0.276
Finished mdrun on rank 0 Mon May 15 11:39:47 2023

