                      :-) GROMACS - gmx mdrun, 2021.5 (-:

                            GROMACS is written by:
     Andrey Alekseenko              Emile Apol              Rossen Apostolov     
         Paul Bauer           Herman J.C. Berendsen           Par Bjelkmar       
       Christian Blau           Viacheslav Bolnykh             Kevin Boyd        
     Aldert van Buuren           Rudi van Drunen             Anton Feenstra      
    Gilles Gouaillardet             Alan Gray               Gerrit Groenhof      
       Anca Hamuraru            Vincent Hindriksen          M. Eric Irrgang      
      Aleksei Iupinov           Christoph Junghans             Joe Jordan        
    Dimitrios Karkoulis            Peter Kasson                Jiri Kraus        
      Carsten Kutzner              Per Larsson              Justin A. Lemkul     
       Viveca Lindahl            Magnus Lundborg             Erik Marklund       
        Pascal Merz             Pieter Meulenhoff            Teemu Murtola       
        Szilard Pall               Sander Pronk              Roland Schulz       
       Michael Shirts            Alexey Shvetsov             Alfons Sijbers      
       Peter Tieleman              Jon Vincent              Teemu Virolainen     
     Christian Wennberg            Maarten Wolf              Artem Zhmurov       
                           and the project leaders:
        Mark Abraham, Berk Hess, Erik Lindahl, and David van der Spoel

Copyright (c) 1991-2000, University of Groningen, The Netherlands.
Copyright (c) 2001-2019, The GROMACS development team at
Uppsala University, Stockholm University and
the Royal Institute of Technology, Sweden.
check out http://www.gromacs.org for more information.

GROMACS is free software; you can redistribute it and/or modify it
under the terms of the GNU Lesser General Public License
as published by the Free Software Foundation; either version 2.1
of the License, or (at your option) any later version.

GROMACS:      gmx mdrun, version 2021.5
Executable:   /home/user01/software/gmx_mpi-2021.5/bin//gmx_mpi
Data prefix:  /home/user01/software/gmx_mpi-2021.5
Working dir:  /home/user01/GIT-repository/00-MD-AUTOMATION/example/ex2_3ET3
Process ID:   39193
Command line:
  gmx_mpi mdrun -deffnm prod -ntomp 8

GROMACS version:    2021.5
Precision:          mixed
Memory model:       64 bit
MPI library:        MPI
OpenMP support:     enabled (GMX_OPENMP_MAX_THREADS = 64)
GPU support:        CUDA
SIMD instructions:  AVX_512
FFT library:        fftw-3.3.8-sse2-avx-avx2-avx2_128-avx512
RDTSCP usage:       enabled
TNG support:        enabled
Hwloc support:      disabled
Tracing support:    disabled
C compiler:         /usr/bin/cc GNU 8.4.0
C compiler flags:   -mavx512f -mfma -pthread -Wno-missing-field-initializers -fexcess-precision=fast -funroll-all-loops -O3 -DNDEBUG
C++ compiler:       /usr/bin/c++ GNU 8.4.0
C++ compiler flags: -mavx512f -mfma -pthread -Wno-missing-field-initializers -fexcess-precision=fast -funroll-all-loops -fopenmp -O3 -DNDEBUG
CUDA compiler:      /usr/local/cuda/bin/nvcc nvcc: NVIDIA (R) Cuda compiler driver;Copyright (c) 2005-2019 NVIDIA Corporation;Built on Sun_Jul_28_19:07:16_PDT_2019;Cuda compilation tools, release 10.1, V10.1.243
CUDA compiler flags:-std=c++14;-gencode;arch=compute_30,code=sm_30;-gencode;arch=compute_35,code=sm_35;-gencode;arch=compute_37,code=sm_37;-gencode;arch=compute_50,code=sm_50;-gencode;arch=compute_52,code=sm_52;-gencode;arch=compute_60,code=sm_60;-gencode;arch=compute_61,code=sm_61;-gencode;arch=compute_70,code=sm_70;-gencode;arch=compute_75,code=sm_75;-gencode;arch=compute_35,code=compute_35;-gencode;arch=compute_32,code=compute_32;-use_fast_math;-D_FORCE_INLINES;-mavx512f -mfma -pthread -Wno-missing-field-initializers -fexcess-precision=fast -funroll-all-loops -fopenmp -O3 -DNDEBUG
CUDA driver:        11.40
CUDA runtime:       10.10


Running on 1 node with total 4 cores, 8 logical cores, 2 compatible GPUs
Hardware detected on host union (the node of MPI rank 0):
  CPU info:
    Vendor: Intel
    Brand:  Intel(R) Xeon(R) W-2123 CPU @ 3.60GHz
    Family: 6   Model: 85   Stepping: 4
    Features: aes apic avx avx2 avx512f avx512cd avx512bw avx512vl avx512secondFMA clfsh cmov cx8 cx16 f16c fma hle htt intel lahf mmx msr nonstop_tsc pcid pclmuldq pdcm pdpe1gb popcnt pse rdrnd rdtscp rtm sse2 sse3 sse4.1 sse4.2 ssse3 tdt x2apic
    Number of AVX-512 FMA units: 2
  Hardware topology: Basic
    Sockets, cores, and logical processors:
      Socket  0: [   0   4] [   1   5] [   2   6] [   3   7]
  GPU info:
    Number of GPUs detected: 2
    #0: NVIDIA NVIDIA GeForce GTX 1080 Ti, compute cap.: 6.1, ECC:  no, stat: compatible
    #1: NVIDIA NVIDIA GeForce GTX 1080 Ti, compute cap.: 6.1, ECC:  no, stat: compatible


++++ PLEASE READ AND CITE THE FOLLOWING REFERENCE ++++
M. J. Abraham, T. Murtola, R. Schulz, S. Páll, J. C. Smith, B. Hess, E.
Lindahl
GROMACS: High performance molecular simulations through multi-level
parallelism from laptops to supercomputers
SoftwareX 1 (2015) pp. 19-25
-------- -------- --- Thank You --- -------- --------


++++ PLEASE READ AND CITE THE FOLLOWING REFERENCE ++++
S. Páll, M. J. Abraham, C. Kutzner, B. Hess, E. Lindahl
Tackling Exascale Software Challenges in Molecular Dynamics Simulations with
GROMACS
In S. Markidis & E. Laure (Eds.), Solving Software Challenges for Exascale 8759 (2015) pp. 3-27
-------- -------- --- Thank You --- -------- --------


++++ PLEASE READ AND CITE THE FOLLOWING REFERENCE ++++
S. Pronk, S. Páll, R. Schulz, P. Larsson, P. Bjelkmar, R. Apostolov, M. R.
Shirts, J. C. Smith, P. M. Kasson, D. van der Spoel, B. Hess, and E. Lindahl
GROMACS 4.5: a high-throughput and highly parallel open source molecular
simulation toolkit
Bioinformatics 29 (2013) pp. 845-54
-------- -------- --- Thank You --- -------- --------


++++ PLEASE READ AND CITE THE FOLLOWING REFERENCE ++++
B. Hess and C. Kutzner and D. van der Spoel and E. Lindahl
GROMACS 4: Algorithms for highly efficient, load-balanced, and scalable
molecular simulation
J. Chem. Theory Comput. 4 (2008) pp. 435-447
-------- -------- --- Thank You --- -------- --------


++++ PLEASE READ AND CITE THE FOLLOWING REFERENCE ++++
D. van der Spoel, E. Lindahl, B. Hess, G. Groenhof, A. E. Mark and H. J. C.
Berendsen
GROMACS: Fast, Flexible and Free
J. Comp. Chem. 26 (2005) pp. 1701-1719
-------- -------- --- Thank You --- -------- --------


++++ PLEASE READ AND CITE THE FOLLOWING REFERENCE ++++
E. Lindahl and B. Hess and D. van der Spoel
GROMACS 3.0: A package for molecular simulation and trajectory analysis
J. Mol. Mod. 7 (2001) pp. 306-317
-------- -------- --- Thank You --- -------- --------


++++ PLEASE READ AND CITE THE FOLLOWING REFERENCE ++++
H. J. C. Berendsen, D. van der Spoel and R. van Drunen
GROMACS: A message-passing parallel molecular dynamics implementation
Comp. Phys. Comm. 91 (1995) pp. 43-56
-------- -------- --- Thank You --- -------- --------


++++ PLEASE CITE THE DOI FOR THIS VERSION OF GROMACS ++++
https://doi.org/10.5281/zenodo.5850051
-------- -------- --- Thank You --- -------- --------

Input Parameters:
   integrator                     = md
   tinit                          = 0
   dt                             = 0.002
   nsteps                         = 250000
   init-step                      = 0
   simulation-part                = 1
   mts                            = false
   comm-mode                      = Linear
   nstcomm                        = 100
   bd-fric                        = 0
   ld-seed                        = -270794770
   emtol                          = 10
   emstep                         = 0.01
   niter                          = 20
   fcstep                         = 0
   nstcgsteep                     = 1000
   nbfgscorr                      = 10
   rtpi                           = 0.05
   nstxout                        = 0
   nstvout                        = 0
   nstfout                        = 0
   nstlog                         = 25000
   nstcalcenergy                  = 100
   nstenergy                      = 0
   nstxout-compressed             = 25000
   compressed-x-precision         = 1000
   cutoff-scheme                  = Verlet
   nstlist                        = 10
   pbc                            = xyz
   periodic-molecules             = false
   verlet-buffer-tolerance        = 0.005
   rlist                          = 1
   coulombtype                    = PME
   coulomb-modifier               = Potential-shift
   rcoulomb-switch                = 0
   rcoulomb                       = 1
   epsilon-r                      = 1
   epsilon-rf                     = inf
   vdw-type                       = Cut-off
   vdw-modifier                   = Potential-shift
   rvdw-switch                    = 0
   rvdw                           = 1
   DispCorr                       = EnerPres
   table-extension                = 1
   fourierspacing                 = 0.16
   fourier-nx                     = 52
   fourier-ny                     = 56
   fourier-nz                     = 52
   pme-order                      = 4
   ewald-rtol                     = 1e-05
   ewald-rtol-lj                  = 0.001
   lj-pme-comb-rule               = Geometric
   ewald-geometry                 = 0
   epsilon-surface                = 0
   tcoupl                         = V-rescale
   nsttcouple                     = 10
   nh-chain-length                = 0
   print-nose-hoover-chain-variables = false
   pcoupl                         = Berendsen
   pcoupltype                     = Isotropic
   nstpcouple                     = 10
   tau-p                          = 2
   compressibility (3x3):
      compressibility[    0]={ 4.50000e-05,  0.00000e+00,  0.00000e+00}
      compressibility[    1]={ 0.00000e+00,  4.50000e-05,  0.00000e+00}
      compressibility[    2]={ 0.00000e+00,  0.00000e+00,  4.50000e-05}
   ref-p (3x3):
      ref-p[    0]={ 1.00000e+00,  0.00000e+00,  0.00000e+00}
      ref-p[    1]={ 0.00000e+00,  1.00000e+00,  0.00000e+00}
      ref-p[    2]={ 0.00000e+00,  0.00000e+00,  1.00000e+00}
   refcoord-scaling               = COM
   posres-com (3):
      posres-com[0]= 0.00000e+00
      posres-com[1]= 0.00000e+00
      posres-com[2]= 0.00000e+00
   posres-comB (3):
      posres-comB[0]= 0.00000e+00
      posres-comB[1]= 0.00000e+00
      posres-comB[2]= 0.00000e+00
   QMMM                           = false
qm-opts:
   ngQM                           = 0
   constraint-algorithm           = Lincs
   continuation                   = false
   Shake-SOR                      = false
   shake-tol                      = 0.0001
   lincs-order                    = 4
   lincs-iter                     = 1
   lincs-warnangle                = 30
   nwall                          = 0
   wall-type                      = 9-3
   wall-r-linpot                  = -1
   wall-atomtype[0]               = -1
   wall-atomtype[1]               = -1
   wall-density[0]                = 0
   wall-density[1]                = 0
   wall-ewald-zfac                = 3
   pull                           = false
   awh                            = false
   rotation                       = false
   interactiveMD                  = false
   disre                          = No
   disre-weighting                = Conservative
   disre-mixed                    = false
   dr-fc                          = 1000
   dr-tau                         = 0
   nstdisreout                    = 100
   orire-fc                       = 0
   orire-tau                      = 0
   nstorireout                    = 100
   free-energy                    = no
   cos-acceleration               = 0
   deform (3x3):
      deform[    0]={ 0.00000e+00,  0.00000e+00,  0.00000e+00}
      deform[    1]={ 0.00000e+00,  0.00000e+00,  0.00000e+00}
      deform[    2]={ 0.00000e+00,  0.00000e+00,  0.00000e+00}
   simulated-tempering            = false
   swapcoords                     = no
   userint1                       = 0
   userint2                       = 0
   userint3                       = 0
   userint4                       = 0
   userreal1                      = 0
   userreal2                      = 0
   userreal3                      = 0
   userreal4                      = 0
   applied-forces:
     electric-field:
       x:
         E0                       = 0
         omega                    = 0
         t0                       = 0
         sigma                    = 0
       y:
         E0                       = 0
         omega                    = 0
         t0                       = 0
         sigma                    = 0
       z:
         E0                       = 0
         omega                    = 0
         t0                       = 0
         sigma                    = 0
     density-guided-simulation:
       active                     = false
       group                      = protein
       similarity-measure         = inner-product
       atom-spreading-weight      = unity
       force-constant             = 1e+09
       gaussian-transform-spreading-width = 0.2
       gaussian-transform-spreading-range-in-multiples-of-width = 4
       reference-density-filename = reference.mrc
       nst                        = 1
       normalize-densities        = true
       adaptive-force-scaling     = false
       adaptive-force-scaling-time-constant = 4
       shift-vector               = 
       transformation-matrix      = 
grpopts:
   nrdf:      113649
   ref-t:         300
   tau-t:         0.1
annealing:          No
annealing-npoints:           0
   acc:	           0           0           0
   nfreeze:           N           N           N
   energygrp-flags[  0]: 0

Changing nstlist from 10 to 100, rlist from 1 to 1.155

1 GPU selected for this run.
Mapping of GPU IDs to the 2 GPU tasks in the 1 rank on this node:
  PP:0,PME:0
PP tasks will do (non-perturbed) short-ranged interactions on the GPU
PP task will update and constrain coordinates on the CPU
PME tasks will do all aspects on the GPU
Using 1 MPI process
Using 8 OpenMP threads 

Pinning threads with an auto-selected logical core stride of 1
System total charge: -0.000
Will do PME sum in reciprocal space for electrostatic interactions.

++++ PLEASE READ AND CITE THE FOLLOWING REFERENCE ++++
U. Essmann, L. Perera, M. L. Berkowitz, T. Darden, H. Lee and L. G. Pedersen 
A smooth particle mesh Ewald method
J. Chem. Phys. 103 (1995) pp. 8577-8592
-------- -------- --- Thank You --- -------- --------

Using a Gaussian width (1/beta) of 0.320163 nm for Ewald
Potential shift: LJ r^-12: -1.000e+00 r^-6: -1.000e+00, Ewald -1.000e-05
Initialized non-bonded Ewald tables, spacing: 9.33e-04 size: 1073

Generated table with 1077 data points for 1-4 COUL.
Tabscale = 500 points/nm
Generated table with 1077 data points for 1-4 LJ6.
Tabscale = 500 points/nm
Generated table with 1077 data points for 1-4 LJ12.
Tabscale = 500 points/nm
Long Range LJ corr.: <C6> 3.1002e-04


Using GPU 8x8 nonbonded short-range kernels

Using a dual 8x8 pair-list setup updated with dynamic, rolling pruning:
  outer list: updated every 100 steps, buffer 0.155 nm, rlist 1.155 nm
  inner list: updated every  10 steps, buffer 0.001 nm, rlist 1.001 nm
At tolerance 0.005 kJ/mol/ps per atom, equivalent classical 1x1 list would be:
  outer list: updated every 100 steps, buffer 0.304 nm, rlist 1.304 nm
  inner list: updated every  10 steps, buffer 0.042 nm, rlist 1.042 nm

Using Lorentz-Berthelot Lennard-Jones combination rule
Removing pbc first time

Initializing LINear Constraint Solver

++++ PLEASE READ AND CITE THE FOLLOWING REFERENCE ++++
B. Hess and H. Bekker and H. J. C. Berendsen and J. G. E. M. Fraaije
LINCS: A Linear Constraint Solver for molecular simulations
J. Comp. Chem. 18 (1997) pp. 1463-1472
-------- -------- --- Thank You --- -------- --------

The number of constraints is 4335

++++ PLEASE READ AND CITE THE FOLLOWING REFERENCE ++++
S. Miyamoto and P. A. Kollman
SETTLE: An Analytical Version of the SHAKE and RATTLE Algorithms for Rigid
Water Models
J. Comp. Chem. 13 (1992) pp. 952-962
-------- -------- --- Thank You --- -------- --------


++++ PLEASE READ AND CITE THE FOLLOWING REFERENCE ++++
G. Bussi, D. Donadio and M. Parrinello
Canonical sampling through velocity rescaling
J. Chem. Phys. 126 (2007) pp. 014101
-------- -------- --- Thank You --- -------- --------

There are: 56841 Atoms

Constraining the starting coordinates (step 0)

Constraining the coordinates at t0-dt (step 0)
Center of mass motion removal mode is Linear
We have the following groups for center of mass motion removal:
  0:  rest
RMS relative constraint deviation after constraining: 3.38e-05
Initial temperature: 301.636 K

Started mdrun on rank 0 Mon May 15 11:48:26 2023

           Step           Time
              0        0.00000

   Energies (kJ/mol)
          Angle    Proper Dih. Ryckaert-Bell.          LJ-14     Coulomb-14
    8.81507e+03    5.34674e+02    1.37907e+04    4.74952e+03    5.16739e+04
        LJ (SR)  Disper. corr.   Coulomb (SR)   Coul. recip.      Potential
    1.01180e+05   -7.37025e+03   -9.11409e+05    5.12699e+03   -7.32909e+05
    Kinetic En.   Total Energy  Conserved En.    Temperature Pres. DC (bar)
    1.44569e+05   -5.88339e+05   -5.88346e+05    3.05990e+02   -2.15502e+02
 Pressure (bar)   Constr. rmsd
    1.82300e+02    2.62766e-05

step 4400: timed with pme grid 52 56 52, coulomb cutoff 1.000: 412.9 M-cycles
step 4600: timed with pme grid 48 48 48, coulomb cutoff 1.085: 436.7 M-cycles
step 4800: timed with pme grid 44 44 44, coulomb cutoff 1.184: 488.6 M-cycles
step 5000: timed with pme grid 44 48 44, coulomb cutoff 1.174: 466.0 M-cycles
step 5200: timed with pme grid 48 48 48, coulomb cutoff 1.085: 431.5 M-cycles
step 5400: timed with pme grid 48 52 48, coulomb cutoff 1.076: 430.5 M-cycles
step 5600: timed with pme grid 52 52 52, coulomb cutoff 1.002: 410.4 M-cycles
step 5800: timed with pme grid 52 56 52, coulomb cutoff 1.000: 413.0 M-cycles
              optimal pme grid 52 52 52, coulomb cutoff 1.002
           Step           Time
          25000       50.00000

   Energies (kJ/mol)
          Angle    Proper Dih. Ryckaert-Bell.          LJ-14     Coulomb-14
    8.86315e+03    5.04918e+02    1.37491e+04    4.71834e+03    5.17319e+04
        LJ (SR)  Disper. corr.   Coulomb (SR)   Coul. recip.      Potential
    1.00681e+05   -7.36718e+03   -9.11824e+05    5.13636e+03   -7.33806e+05
    Kinetic En.   Total Energy  Conserved En.    Temperature Pres. DC (bar)
    1.41012e+05   -5.92794e+05   -5.90321e+05    2.98461e+02   -2.15323e+02
 Pressure (bar)   Constr. rmsd
   -1.21125e+02    2.83019e-05

           Step           Time
          50000      100.00000

   Energies (kJ/mol)
          Angle    Proper Dih. Ryckaert-Bell.          LJ-14     Coulomb-14
    9.01129e+03    5.12392e+02    1.39395e+04    4.83395e+03    5.17455e+04
        LJ (SR)  Disper. corr.   Coulomb (SR)   Coul. recip.      Potential
    1.02815e+05   -7.36253e+03   -9.15033e+05    5.08355e+03   -7.34454e+05
    Kinetic En.   Total Energy  Conserved En.    Temperature Pres. DC (bar)
    1.41932e+05   -5.92523e+05   -5.92359e+05    3.00407e+02   -2.15052e+02
 Pressure (bar)   Constr. rmsd
    1.19961e+02    2.62660e-05

           Step           Time
          75000      150.00000

   Energies (kJ/mol)
          Angle    Proper Dih. Ryckaert-Bell.          LJ-14     Coulomb-14
    8.76466e+03    5.18362e+02    1.38091e+04    4.76629e+03    5.17274e+04
        LJ (SR)  Disper. corr.   Coulomb (SR)   Coul. recip.      Potential
    1.01228e+05   -7.37401e+03   -9.12636e+05    5.01364e+03   -7.34182e+05
    Kinetic En.   Total Energy  Conserved En.    Temperature Pres. DC (bar)
    1.41551e+05   -5.92632e+05   -5.94344e+05    2.99600e+02   -2.15722e+02
 Pressure (bar)   Constr. rmsd
   -1.54123e+01    2.69056e-05

           Step           Time
         100000      200.00000

   Energies (kJ/mol)
          Angle    Proper Dih. Ryckaert-Bell.          LJ-14     Coulomb-14
    8.89849e+03    4.59106e+02    1.38679e+04    4.79314e+03    5.17226e+04
        LJ (SR)  Disper. corr.   Coulomb (SR)   Coul. recip.      Potential
    1.00545e+05   -7.35965e+03   -9.11607e+05    5.02265e+03   -7.33658e+05
    Kinetic En.   Total Energy  Conserved En.    Temperature Pres. DC (bar)
    1.40870e+05   -5.92788e+05   -5.96311e+05    2.98160e+02   -2.14883e+02
 Pressure (bar)   Constr. rmsd
   -1.24364e+02    2.66907e-05

           Step           Time
         125000      250.00000

   Energies (kJ/mol)
          Angle    Proper Dih. Ryckaert-Bell.          LJ-14     Coulomb-14
    8.65107e+03    4.87600e+02    1.38867e+04    4.85631e+03    5.17355e+04
        LJ (SR)  Disper. corr.   Coulomb (SR)   Coul. recip.      Potential
    1.00240e+05   -7.36223e+03   -9.10254e+05    5.06159e+03   -7.32697e+05
    Kinetic En.   Total Energy  Conserved En.    Temperature Pres. DC (bar)
    1.41594e+05   -5.91103e+05   -5.98320e+05    2.99691e+02   -2.15034e+02
 Pressure (bar)   Constr. rmsd
    2.72980e+01    2.53740e-05

           Step           Time
         150000      300.00000

   Energies (kJ/mol)
          Angle    Proper Dih. Ryckaert-Bell.          LJ-14     Coulomb-14
    8.88077e+03    4.74909e+02    1.36480e+04    4.80335e+03    5.17946e+04
        LJ (SR)  Disper. corr.   Coulomb (SR)   Coul. recip.      Potential
    1.01081e+05   -7.36144e+03   -9.10544e+05    5.11949e+03   -7.32104e+05
    Kinetic En.   Total Energy  Conserved En.    Temperature Pres. DC (bar)
    1.42381e+05   -5.89723e+05   -6.00253e+05    3.01357e+02   -2.14988e+02
 Pressure (bar)   Constr. rmsd
   -7.52457e+00    2.66573e-05

           Step           Time
         175000      350.00000

   Energies (kJ/mol)
          Angle    Proper Dih. Ryckaert-Bell.          LJ-14     Coulomb-14
    8.98944e+03    5.13775e+02    1.38515e+04    4.77511e+03    5.15606e+04
        LJ (SR)  Disper. corr.   Coulomb (SR)   Coul. recip.      Potential
    1.00892e+05   -7.36366e+03   -9.11725e+05    4.96471e+03   -7.33541e+05
    Kinetic En.   Total Energy  Conserved En.    Temperature Pres. DC (bar)
    1.41991e+05   -5.91550e+05   -6.02257e+05    3.00533e+02   -2.15117e+02
 Pressure (bar)   Constr. rmsd
   -2.84528e+00    2.64232e-05

           Step           Time
         200000      400.00000

   Energies (kJ/mol)
          Angle    Proper Dih. Ryckaert-Bell.          LJ-14     Coulomb-14
    8.80846e+03    5.35201e+02    1.39181e+04    4.86597e+03    5.14691e+04
        LJ (SR)  Disper. corr.   Coulomb (SR)   Coul. recip.      Potential
    1.01790e+05   -7.35317e+03   -9.11036e+05    5.15904e+03   -7.31843e+05
    Kinetic En.   Total Energy  Conserved En.    Temperature Pres. DC (bar)
    1.41752e+05   -5.90091e+05   -6.04209e+05    3.00027e+02   -2.14506e+02
 Pressure (bar)   Constr. rmsd
    1.57414e+02    2.65073e-05

           Step           Time
         225000      450.00000

   Energies (kJ/mol)
          Angle    Proper Dih. Ryckaert-Bell.          LJ-14     Coulomb-14
    8.94661e+03    4.75302e+02    1.38075e+04    4.71510e+03    5.14981e+04
        LJ (SR)  Disper. corr.   Coulomb (SR)   Coul. recip.      Potential
    1.00484e+05   -7.35619e+03   -9.09908e+05    5.08243e+03   -7.32255e+05
    Kinetic En.   Total Energy  Conserved En.    Temperature Pres. DC (bar)
    1.41042e+05   -5.91213e+05   -6.06142e+05    2.98524e+02   -2.14682e+02
 Pressure (bar)   Constr. rmsd
   -1.23751e+02    2.73003e-05

           Step           Time
         250000      500.00000

Writing checkpoint, step 250000 at Mon May 15 11:53:39 2023


   Energies (kJ/mol)
          Angle    Proper Dih. Ryckaert-Bell.          LJ-14     Coulomb-14
    8.76609e+03    5.40404e+02    1.37751e+04    4.73383e+03    5.16039e+04
        LJ (SR)  Disper. corr.   Coulomb (SR)   Coul. recip.      Potential
    9.93844e+04   -7.36901e+03   -9.10846e+05    5.18080e+03   -7.34230e+05
    Kinetic En.   Total Energy  Conserved En.    Temperature Pres. DC (bar)
    1.42552e+05   -5.91678e+05   -6.08099e+05    3.01720e+02   -2.15430e+02
 Pressure (bar)   Constr. rmsd
   -2.83539e+02    2.83895e-05


Energy conservation over simulation part #1 of length 500 ns, time 0 to 500 ns
  Conserved energy drift: -6.95e-04 kJ/mol/ps per atom


	<======  ###############  ==>
	<====  A V E R A G E S  ====>
	<==  ###############  ======>

	Statistics over 250001 steps using 2501 frames

   Energies (kJ/mol)
          Angle    Proper Dih. Ryckaert-Bell.          LJ-14     Coulomb-14
    8.92811e+03    5.02376e+02    1.38009e+04    4.79766e+03    5.16264e+04
        LJ (SR)  Disper. corr.   Coulomb (SR)   Coul. recip.      Potential
    1.01188e+05   -7.36210e+03   -9.12176e+05    5.08596e+03   -7.33609e+05
    Kinetic En.   Total Energy  Conserved En.    Temperature Pres. DC (bar)
    1.41723e+05   -5.91885e+05   -5.98269e+05    2.99966e+02   -2.15027e+02
 Pressure (bar)   Constr. rmsd
    3.63838e-01    0.00000e+00

          Box-X          Box-Y          Box-Z
    8.25443e+00    8.33867e+00    8.26979e+00

   Total Virial (kJ/mol)
    4.72238e+04   -3.63202e+01    2.79607e+01
   -3.59852e+01    4.71971e+04    8.40644e+01
    2.78779e+01    8.38507e+01    4.72836e+04

   Pressure (bar)
    3.68424e-01   -1.83141e+00   -1.17890e+00
   -1.85096e+00    4.64065e+00   -2.63587e+00
   -1.17407e+00   -2.62340e+00   -3.91756e+00


       P P   -   P M E   L O A D   B A L A N C I N G

 PP/PME load balancing changed the cut-off and PME settings:
           particle-particle                    PME
            rcoulomb  rlist            grid      spacing   1/beta
   initial  1.000 nm  1.001 nm      52  56  52   0.159 nm  0.320 nm
   final    1.002 nm  1.003 nm      52  52  52   0.160 nm  0.321 nm
 cost-ratio           1.01             0.93
 (note that these numbers concern only part of the total PP and PME load)


	M E G A - F L O P S   A C C O U N T I N G

 NB=Group-cutoff nonbonded kernels    NxN=N-by-N cluster Verlet kernels
 RF=Reaction-Field  VdW=Van der Waals  QSTab=quadratic-spline table
 W3=SPC/TIP3p  W4=TIP4p (single or pairs)
 V&F=Potential and force  V=Potential only  F=Force only

 Computing:                               M-Number         M-Flops  % Flops
-----------------------------------------------------------------------------
 Pair Search distance check           13474.523200      121270.709     0.0
 NxN Ewald Elec. + LJ [F]          13522548.422592   892488195.891    98.0
 NxN Ewald Elec. + LJ [V&F]          136646.040064    14621126.287     1.6
 1,4 nonbonded interactions            2834.011336      255061.020     0.0
 Shift-X                                142.159341         852.956     0.0
 Angles                                1971.257885      331171.325     0.0
 Propers                                201.250805       46086.434     0.0
 RB-Dihedrals                          2302.509210      568719.775     0.1
 Virial                                1422.206886       25599.724     0.0
 Stop-CM                                142.216182        1422.162     0.0
 P-Coupling                            1421.081841        8526.491     0.0
 Calc-Ekin                             2842.163682       76738.419     0.0
 Lincs                                 1083.763005       65025.780     0.0
 Lincs-Mat                            23655.283860       94621.135     0.0
 Constraint-V                         15301.622412      137714.602     0.0
 Constraint-Vir                        1421.831871       34123.965     0.0
 Settle                                4378.052536     1619879.438     0.2
-----------------------------------------------------------------------------
 Total                                               910496136.114   100.0
-----------------------------------------------------------------------------


     R E A L   C Y C L E   A N D   T I M E   A C C O U N T I N G

On 1 MPI rank, each using 8 OpenMP threads

 Computing:          Num   Num      Call    Wall time         Giga-Cycles
                     Ranks Threads  Count      (s)         total sum    %
-----------------------------------------------------------------------------
 Neighbor search        1    8       2501      14.486        417.199   4.6
 Launch GPU ops.        1    8     250001      29.030        836.075   9.3
 Force                  1    8     250001      33.228        956.987  10.6
 Wait PME GPU gather    1    8     250001      48.250       1389.612  15.4
 Reduce GPU PME F       1    8     250001       6.113        176.066   2.0
 Wait GPU NB local                             48.531       1397.715  15.5
 NB X/F buffer ops.     1    8     497501      30.182        869.248   9.6
 Write traj.            1    8         11       0.362         10.415   0.1
 Update                 1    8     250001      13.943        401.564   4.5
 Constraints            1    8     250003      39.115       1126.535  12.5
 Rest                                          49.950       1438.580  15.9
-----------------------------------------------------------------------------
 Total                                        313.190       9019.996 100.0
-----------------------------------------------------------------------------

               Core t (s)   Wall t (s)        (%)
       Time:     2505.522      313.190      800.0
                 (ns/day)    (hour/ns)
Performance:      137.936        0.174
Finished mdrun on rank 0 Mon May 15 11:53:39 2023

